Content-Type: multipart/alternative; boundary="===============0036337407=="
MIME-Version: 1.0
Subject: Account activation on example.com
From: webmaster@localhost
To: admin@gmail.com
Date: Mon, 12 Sep 2022 17:09:12 -0000
Message-ID: <166300255247.16148.9852170743529561444@DESKTOP-IACBPST>

--===============0036337407==
Content-Type: text/plain; charset="utf-8"
MIME-Version: 1.0
Content-Transfer-Encoding: 7bit



You (or someone pretending to be you) have asked to register an account at
example.com.  If this wasn't you, please ignore this email
and your address will be removed from our records.


To activate this account, please click the following link within the next
14 days:


http://example.com/accounts/activate/3d112664c66904bd46da1b62943b403a4b9dd8452fd5fb4ef8396c76fbb8efb3/


Sincerely,
example.com Management





--===============0036337407==
Content-Type: text/html; charset="utf-8"
MIME-Version: 1.0
Content-Transfer-Encoding: 7bit


<!doctype html>
<html lang="en">

<head>
    <title>example.com registration</title>
</head>

<body>
<p>
    
    You (or someone pretending to be you) have asked to register an account at
    example.com.  If this wasn't you, please ignore this email
    and your address will be removed from our records.
    
</p>
<p>
    
    To activate this account, please click the following link within the next
    14 days:
    
</p>

<p>
    <a href="http://example.com/accounts/activate/3d112664c66904bd46da1b62943b403a4b9dd8452fd5fb4ef8396c76fbb8efb3/">
        example.com/accounts/activate/3d112664c66904bd46da1b62943b403a4b9dd8452fd5fb4ef8396c76fbb8efb3/
    </a>
</p>
<p>
    
    Sincerely,
    example.com Management
    
</p>
</body>

</html>




--===============0036337407==--

-------------------------------------------------------------------------------
